0 info it worked if it ends with ok
1 verbose cli [ 'C:\\Program Files\\nodejs\\\\node.exe',
1 verbose cli   'C:\\Program Files\\nodejs\\node_modules\\npm\\bin\\npm-cli.js',
1 verbose cli   'install',
1 verbose cli   'sammy',
1 verbose cli   '--save' ]
2 info using npm@1.4.3
3 info using node@v0.10.26
4 verbose node symlink C:\Program Files\nodejs\\node.exe
5 warn package.json Bookmarks@0.0.0 No repository field.
6 warn package.json Bookmarks@0.0.0 No README data
7 verbose readDependencies using package.json deps
8 verbose cache add [ 'sammy', null ]
9 verbose cache add name=undefined spec="sammy" args=["sammy",null]
10 verbose parsed url { protocol: null,
10 verbose parsed url   slashes: null,
10 verbose parsed url   auth: null,
10 verbose parsed url   host: null,
10 verbose parsed url   port: null,
10 verbose parsed url   hostname: null,
10 verbose parsed url   hash: null,
10 verbose parsed url   search: null,
10 verbose parsed url   query: null,
10 verbose parsed url   pathname: 'sammy',
10 verbose parsed url   path: 'sammy',
10 verbose parsed url   href: 'sammy' }
11 silly lockFile 5a00bfd4-sammy sammy
12 verbose lock sammy C:\Users\Yana\AppData\Roaming\npm-cache\5a00bfd4-sammy.lock
13 silly lockFile 5a00bfd4-sammy sammy
14 silly lockFile 5a00bfd4-sammy sammy
15 verbose addNamed [ 'sammy', '' ]
16 verbose addNamed [ null, '*' ]
17 silly lockFile 805ece59-sammy sammy@
18 verbose lock sammy@ C:\Users\Yana\AppData\Roaming\npm-cache\805ece59-sammy.lock
19 silly addNameRange { name: 'sammy', range: '*', hasData: false }
20 verbose url raw sammy
21 verbose url resolving [ 'https://registry.npmjs.org/', './sammy' ]
22 verbose url resolved https://registry.npmjs.org/sammy
23 info trying registry request attempt 1 at 00:03:13
24 http GET https://registry.npmjs.org/sammy
25 http 404 https://registry.npmjs.org/sammy
26 silly registry.get cb [ 404,
26 silly registry.get   { date: 'Fri, 12 Dec 2014 22:03:12 GMT',
26 silly registry.get     server: 'CouchDB/1.5.0 (Erlang OTP/R16B03)',
26 silly registry.get     'content-type': 'application/json',
26 silly registry.get     'cache-control': 'max-age=0',
26 silly registry.get     'content-length': '52',
26 silly registry.get     'accept-ranges': 'bytes',
26 silly registry.get     via: '1.1 varnish',
26 silly registry.get     age: '0',
26 silly registry.get     'x-served-by': 'cache-lcy1130-LCY',
26 silly registry.get     'x-cache': 'MISS',
26 silly registry.get     'x-cache-hits': '0',
26 silly registry.get     'x-timer': 'S1418421791.714222,VS0,VE353',
26 silly registry.get     'keep-alive': 'timeout=10, max=50',
26 silly registry.get     connection: 'Keep-Alive' } ]
27 silly lockFile 805ece59-sammy sammy@
28 silly lockFile 805ece59-sammy sammy@
29 error 404 'sammy' is not in the npm registry.
29 error 404 You should bug the author to publish it
29 error 404 It was specified as a dependency of 'Bookmarks'
29 error 404
29 error 404 Note that you can also install from a
29 error 404 tarball, folder, or http url, or git url.
30 error System Windows_NT 6.1.7601
31 error command "C:\\Program Files\\nodejs\\\\node.exe" "C:\\Program Files\\nodejs\\node_modules\\npm\\bin\\npm-cli.js" "install" "sammy" "--save"
32 error cwd W:\_SoftUni\Courses\2014-11-JS-Apps\ExamPrepBookmarks
33 error node -v v0.10.26
34 error npm -v 1.4.3
35 error code E404
36 verbose exit [ 1, true ]
